Arguments: 
  C:\Program Files\nodejs\node.exe C:\Users\andre\AppData\Roaming\npm\node_modules\yarn\bin\yarn.js add react-native-fit-image

PATH: 
  C:\Users\andre\bin;C:\Program Files\Git\mingw64\bin;C:\Program Files\Git\usr\local\bin;C:\Program Files\Git\usr\bin;C:\Program Files\Git\usr\bin;C:\Program Files\Git\mingw64\bin;C:\Program Files\Git\usr\bin;C:\Users\andre\bin;C:\WINDOWS\system32;C:\WINDOWS;C:\WINDOWS\System32\Wbem;C:\WINDOWS\System32\WindowsPowerShell\v1.0;C:\WINDOWS\System32\OpenSSH;C:\Program Files\nodejs;C:\Program Files\Git\cmd;C:\Program Files\Genymobile\Genymotion\tools;C:\Users\andre\AppData\Local\Android\Sdk;C:\Program Files\Microsoft VS Code\bin;C:\Program Files\PuTTY;C:\Users\andre\AppData\Local\Programs\Python\Python36-32\Scripts;C:\Users\andre\AppData\Local\Programs\Python\Python36-32;C:\Users\andre\AppData\Local\Microsoft\WindowsApps;C:\Users\andre\AppData\Roaming\npm;C:\Program Files\Git\usr\bin\vendor_perl;C:\Program Files\Git\usr\bin\core_perl

Yarn version: 
  1.7.0

Node version: 
  8.11.3

Platform: 
  win32 x64

Trace: 
  Error: EPERM: operation not permitted, unlink 'C:\Users\andre\Desktop\mobile\nomadgrap\node_modules\@babel\plugin-transform-classes\node_modules\globals'

npm manifest: 
  {
    "main": "node_modules/expo/AppEntry.js",
    "private": true,
    "dependencies": {
      "expo": "^28.0.0",
      "prop-types": "^15.6.2",
      "react": "16.3.1",
      "react-native": "https://github.com/expo/react-native/archive/sdk-28.0.0.tar.gz",
      "react-native-fade-in-image": "^1.4.1",
      "react-navigation": "^2.6.2",
      "react-redux": "^5.0.7",
      "redux": "^4.0.0",
      "redux-persist": "^5.10.0",
      "redux-thunk": "^2.3.0"
    }
  }

yarn manifest: 
  No manifest

Lockfile: 
  No lockfile
